<?xml version="1.0" encoding="UTF-8"?>
<!-- Generated by org.testng.reporters.JUnitReportReporter -->
<testsuite skipped="0" hostname="DESKTOP-E1T2KAU" name="alldrivers.basicDrivers" tests="4" failures="0" timestamp="07 Mar 2018 06:40:42 GMT" time="54.517" errors="0">
  <testcase name="launchInFirefox" time="20.930" classname="alldrivers.basicDrivers"/>
  <testcase name="launchInIE" time="15.645" classname="alldrivers.basicDrivers"/>
  <testcase name="launchInEdge" time="6.815" classname="alldrivers.basicDrivers"/>
  <testcase name="launchInChrome" time="11.127" classname="alldrivers.basicDrivers"/>
</testsuite> <!-- alldrivers.basicDrivers -->
