<?xml version="1.0" encoding="UTF-8"?>
<!-- Generated by org.testng.reporters.JUnitReportReporter -->
<testsuite skipped="0" hostname="DESKTOP-E1T2KAU" name="SeleniumProj.AppTest" tests="4" failures="0" timestamp="07 Mar 2018 06:40:42 GMT" time="42.880" errors="0">
  <testcase name="launchInIETest" time="6.129" classname="SeleniumProj.AppTest"/>
  <testcase name="launchInChromeTest" time="9.801" classname="SeleniumProj.AppTest"/>
  <testcase name="launchInFirefoxTest" time="21.134" classname="SeleniumProj.AppTest"/>
  <testcase name="launchInEdgeTest" time="5.816" classname="SeleniumProj.AppTest"/>
</testsuite> <!-- SeleniumProj.AppTest -->
